<?xml version="1.0" encoding="UTF-8"?>
<testsuite name="org.apereo.cas.web.support.InspektrThrottledSubmissionByIpAddressAndUsernameHandlerInterceptorAdapterTests" tests="1" skipped="0" failures="0" errors="0" timestamp="2018-07-03T08:58:11" hostname="localhost.localdomain" time="9.112">
  <properties/>
  <testcase name="verifyThrottle" classname="org.apereo.cas.web.support.InspektrThrottledSubmissionByIpAddressAndUsernameHandlerInterceptorAdapterTests" time="9.112"/>
  <system-out><![CDATA[
  .   ____          _            __ _ _
 /\\ / ___'_ __ _ _(_)_ __  __ _ \ \ \ \
( ( )\___ | '_ | '_| | '_ \/ _` | \ \ \ \
 \\/  ___)| |_)| | | | | || (_| |  ) ) ) )
  '  |____| .__|_| |_|_| |_\__, | / / / /
 =========|_|==============|___/=/_/_/_/
 :: Spring Boot ::        (v1.5.3.RELEASE)

2018-07-03 16:58:00,498 INFO [org.apereo.cas.web.support.InspektrThrottledSubmissionByIpAddressAndUsernameHandlerInterceptorAdapterTests] - <No active profile set, falling back to default profiles: default>
2018-07-03 16:58:02,981 WARN [org.apereo.cas.config.CasCoreTicketsConfiguration] - <Runtime memory is used as the persistence storage for retrieving and managing tickets. Tickets that are issued during runtime will be LOST upon container restarts. This MAY impact SSO functionality.>
2018-07-03 16:58:06,015 WARN [com.zaxxer.hikari.util.DriverDataSource] - <Registered driver with driverClassName=org.hsqldb.jdbcDriver was not found, trying direct instantiation.>
Hibernate: drop table COM_AUDIT_TRAIL if exists
Hibernate: create table COM_AUDIT_TRAIL (id bigint generated by default as identity (start with 1), AUD_ACTION varchar(255), APPLIC_CD varchar(255), AUD_CLIENT_IP varchar(255), AUD_DATE TIMESTAMP not null, AUD_RESOURCE varchar(255), AUD_SERVER_IP varchar(255), AUD_USER varchar(255), primary key (id))
2018-07-03 16:58:10,661 WARN [org.apereo.cas.config.CasCoreServicesConfiguration] - <Runtime memory is used as the persistence storage for retrieving and persisting service definitions. Changes that are made to service definitions during runtime WILL be LOST upon container restarts.>
2018-07-03 16:58:10,705 INFO [org.apereo.cas.services.ServiceRegistryInitializer] - <The service registry database will not be initialized from default JSON services. If the service registry database ends up empty, CAS will refuse to authenticate services until service definitions are added to the registry. To auto-initialize the service registry, set 'cas.serviceRegistry.initFromJson=true' in your CAS settings.>
2018-07-03 16:58:11,545 INFO [org.apereo.cas.services.DefaultServicesManager] - <Loaded [1] service(s) from [InMemoryServiceRegistry].>
2018-07-03 16:58:11,891 INFO [org.apereo.cas.web.support.InspektrThrottledSubmissionByIpAddressAndUsernameHandlerInterceptorAdapterTests] - <Started InspektrThrottledSubmissionByIpAddressAndUsernameHandlerInterceptorAdapterTests in 14.03 seconds (JVM running for 17.557)>
2018-07-03 16:58:13,358 WARN [org.apereo.cas.authentication.PolicyBasedAuthenticationManager] - <Authentication has failed. Credentials may be incorrect or CAS cannot find authentication handler that supports [mog] of type [UsernamePasswordCredential], which suggests a configuration problem.>
2018-07-03 16:58:14,454 WARN [org.apereo.cas.authentication.PolicyBasedAuthenticationManager] - <Authentication has failed. Credentials may be incorrect or CAS cannot find authentication handler that supports [mog] of type [UsernamePasswordCredential], which suggests a configuration problem.>
2018-07-03 16:58:15,457 WARN [org.apereo.cas.authentication.PolicyBasedAuthenticationManager] - <Authentication has failed. Credentials may be incorrect or CAS cannot find authentication handler that supports [mog] of type [UsernamePasswordCredential], which suggests a configuration problem.>
2018-07-03 16:58:16,460 WARN [org.apereo.cas.authentication.PolicyBasedAuthenticationManager] - <Authentication has failed. Credentials may be incorrect or CAS cannot find authentication handler that supports [mog] of type [UsernamePasswordCredential], which suggests a configuration problem.>
2018-07-03 16:58:16,462 WARN [org.apereo.cas.authentication.PolicyBasedAuthenticationManager] - <Authentication has failed. Credentials may be incorrect or CAS cannot find authentication handler that supports [mog] of type [UsernamePasswordCredential], which suggests a configuration problem.>
2018-07-03 16:58:16,664 WARN [org.apereo.cas.web.support.AbstractThrottledSubmissionHandlerInterceptorAdapter] - <Throttling submission from [1.2.3.4]. More than [10] failed login attempts within [5] seconds. Authentication attempt exceeds the failure threshold [10]>
2018-07-03 16:58:16,671 WARN [org.apereo.cas.authentication.PolicyBasedAuthenticationManager] - <Authentication has failed. Credentials may be incorrect or CAS cannot find authentication handler that supports [mog] of type [UsernamePasswordCredential], which suggests a configuration problem.>
2018-07-03 16:58:16,874 WARN [org.apereo.cas.web.support.AbstractThrottledSubmissionHandlerInterceptorAdapter] - <Throttling submission from [1.2.3.4]. More than [10] failed login attempts within [5] seconds. Authentication attempt exceeds the failure threshold [10]>
2018-07-03 16:58:16,875 WARN [org.apereo.cas.authentication.PolicyBasedAuthenticationManager] - <Authentication has failed. Credentials may be incorrect or CAS cannot find authentication handler that supports [mog] of type [UsernamePasswordCredential], which suggests a configuration problem.>
2018-07-03 16:58:17,077 WARN [org.apereo.cas.web.support.AbstractThrottledSubmissionHandlerInterceptorAdapter] - <Throttling submission from [1.2.3.4]. More than [10] failed login attempts within [5] seconds. Authentication attempt exceeds the failure threshold [10]>
2018-07-03 16:58:17,078 WARN [org.apereo.cas.authentication.PolicyBasedAuthenticationManager] - <Authentication has failed. Credentials may be incorrect or CAS cannot find authentication handler that supports [mog] of type [UsernamePasswordCredential], which suggests a configuration problem.>
2018-07-03 16:58:18,082 WARN [org.apereo.cas.web.support.AbstractThrottledSubmissionHandlerInterceptorAdapter] - <Throttling submission from [1.2.3.4]. More than [10] failed login attempts within [5] seconds. Authentication attempt exceeds the failure threshold [10]>
2018-07-03 16:58:18,083 WARN [org.apereo.cas.authentication.PolicyBasedAuthenticationManager] - <Authentication has failed. Credentials may be incorrect or CAS cannot find authentication handler that supports [mog] of type [UsernamePasswordCredential], which suggests a configuration problem.>
2018-07-03 16:58:19,088 WARN [org.apereo.cas.authentication.PolicyBasedAuthenticationManager] - <Authentication has failed. Credentials may be incorrect or CAS cannot find authentication handler that supports [mog] of type [UsernamePasswordCredential], which suggests a configuration problem.>
2018-07-03 16:58:20,092 WARN [org.apereo.cas.authentication.PolicyBasedAuthenticationManager] - <Authentication has failed. Credentials may be incorrect or CAS cannot find authentication handler that supports [mog] of type [UsernamePasswordCredential], which suggests a configuration problem.>
2018-07-03 16:58:21,095 WARN [org.apereo.cas.authentication.PolicyBasedAuthenticationManager] - <Authentication has failed. Credentials may be incorrect or CAS cannot find authentication handler that supports [mog] of type [UsernamePasswordCredential], which suggests a configuration problem.>
]]></system-out>
  <system-err><![CDATA[]]></system-err>
</testsuite>
